<?xml version="1.0" encoding="UTF-8"?>
<!-- Generated by org.testng.reporters.JUnitReportReporter -->
<testsuite hostname="Vishnu" name="com.uspto.tsdr.TestTrademarkStatus_DocumentRetrieval" tests="2" failures="0" timestamp="6 Sep 2015 23:16:17 GMT" time="19.597" errors="0">
  <testcase name="testTrademarkStatus" time="10.245" classname="com.uspto.tsdr.TestTrademarkStatus_DocumentRetrieval"/>
  <testcase name="testTrademarkStatus" time="9.352" classname="com.uspto.tsdr.TestTrademarkStatus_DocumentRetrieval"/>
</testsuite> <!-- com.uspto.tsdr.TestTrademarkStatus_DocumentRetrieval -->
