<?xml version="1.0" encoding="UTF-8"?>
<!-- Generated by org.testng.reporters.JUnitReportReporter -->
<testsuite hostname="Vishnu" name="com.learntestng.SampleTest" tests="1" failures="0" timestamp="11 Aug 2015 05:35:42 GMT" time="0.000" errors="0">
  <testcase name="f" time="0.000" classname="com.learntestng.SampleTest"/>
</testsuite>
