<?xml version="1.0" encoding="UTF-8"?>
<!-- Generated by org.testng.reporters.JUnitReportReporter -->
<testsuite hostname="Vishnu" name="com.uspto.tsdr.AppTest" tests="1" failures="0" timestamp="11 Aug 2015 06:33:50 GMT" time="0.035" errors="0">
  <testcase name="sendMail" time="0.035" classname="com.uspto.tsdr.AppTest"/>
</testsuite>
